<?xml version="1.0" encoding="UTF-8"?>
<robot generator="Robot 3.2.1 (Python 3.8.3 on win32)" generated="20200713 19:44:19.603" rpa="false">
<suite id="s1" name="IntroductionRobotFramework" source="C:\Users\allan\eclipse-workspace\IntroductionRobotFramework">
<suite id="s1-s1" name="loginTestSuite" source="C:\Users\allan\eclipse-workspace\IntroductionRobotFramework\loginTestSuite.robot">
<test id="s1-s1-t1" name="loginTest">
<kw name="Open Browser" library="SeleniumLibrary">
<doc>Opens a new browser instance to the optional ``url``.</doc>
<arguments>
<arg>${URL}</arg>
<arg>${Browser}</arg>
</arguments>
<msg timestamp="20200713 19:44:20.236" level="INFO">Opening browser 'gc' to base url 'https://opensource-demo.orangehrmlive.com/index.php/auth/login'.</msg>
<status status="PASS" starttime="20200713 19:44:20.235" endtime="20200713 19:44:24.643"></status>
</kw>
<kw name="Set Browser Implicit Wait" library="SeleniumLibrary">
<doc>Sets the implicit wait value used by Selenium.</doc>
<arguments>
<arg>5</arg>
</arguments>
<status status="PASS" starttime="20200713 19:44:24.644" endtime="20200713 19:44:24.646"></status>
</kw>
<kw name="Maximize Browser Window" library="SeleniumLibrary">
<doc>Maximizes current browser window.</doc>
<status status="PASS" starttime="20200713 19:44:24.647" endtime="20200713 19:44:26.788"></status>
</kw>
<kw name="Input Text" library="SeleniumLibrary">
<doc>Types the given ``text`` into the text field identified by ``locator``.</doc>
<arguments>
<arg>id=txtUsername</arg>
<arg>@{CREDENTIALS}[0]</arg>
</arguments>
<msg timestamp="20200713 19:44:26.789" level="WARN">Accessing variable items using '@{CREDENTIALS}[0]' syntax is deprecated. Use '${CREDENTIALS}[0]' instead.</msg>
<msg timestamp="20200713 19:44:26.790" level="INFO">Typing text 'Admin' into text field 'id=txtUsername'.</msg>
<status status="PASS" starttime="20200713 19:44:26.788" endtime="20200713 19:44:26.985"></status>
</kw>
<kw name="Input Password" library="SeleniumLibrary">
<doc>Types the given password into the text field identified by ``locator``.</doc>
<arguments>
<arg>id=txtPassword</arg>
<arg>@{CREDENTIALS}[1]</arg>
</arguments>
<msg timestamp="20200713 19:44:26.986" level="WARN">Accessing variable items using '@{CREDENTIALS}[1]' syntax is deprecated. Use '${CREDENTIALS}[1]' instead.</msg>
<msg timestamp="20200713 19:44:26.987" level="INFO">Typing password into text field 'id=txtPassword'.</msg>
<msg timestamp="20200713 19:44:27.065" level="INFO">Temporally setting log level to: NONE</msg>
<msg timestamp="20200713 19:44:27.221" level="INFO">Log level changed from NONE to INFO.</msg>
<status status="PASS" starttime="20200713 19:44:26.986" endtime="20200713 19:44:27.221"></status>
</kw>
<kw name="Click Button" library="SeleniumLibrary">
<doc>Clicks the button identified by ``locator``.</doc>
<arguments>
<arg>id=btnLogin</arg>
</arguments>
<msg timestamp="20200713 19:44:27.222" level="INFO">Clicking button 'id=btnLogin'.</msg>
<status status="PASS" starttime="20200713 19:44:27.221" endtime="20200713 19:44:28.789"></status>
</kw>
<kw name="Click Element" library="SeleniumLibrary">
<doc>Click the element identified by ``locator``.</doc>
<arguments>
<arg>id=welcome</arg>
</arguments>
<msg timestamp="20200713 19:44:28.791" level="INFO">Clicking element 'id=welcome'.</msg>
<status status="PASS" starttime="20200713 19:44:28.790" endtime="20200713 19:44:28.928"></status>
</kw>
<kw name="Click Element" library="SeleniumLibrary">
<doc>Click the element identified by ``locator``.</doc>
<arguments>
<arg>link=Logout</arg>
</arguments>
<msg timestamp="20200713 19:44:28.928" level="INFO">Clicking element 'link=Logout'.</msg>
<status status="PASS" starttime="20200713 19:44:28.928" endtime="20200713 19:44:29.857"></status>
</kw>
<kw name="Log" library="BuiltIn">
<doc>Logs the given message with the given level.</doc>
<arguments>
<arg>Ceci un test execute par</arg>
<arg>%{username}</arg>
<arg>dans</arg>
<arg>%{os}</arg>
</arguments>
<msg timestamp="20200713 19:44:29.859" level="FAIL">Invalid log level 'allan'.</msg>
<status status="FAIL" starttime="20200713 19:44:29.858" endtime="20200713 19:44:29.859"></status>
</kw>
<doc>ceci est un test de login/logout</doc>
<status status="FAIL" starttime="20200713 19:44:20.233" endtime="20200713 19:44:29.860" critical="yes">Invalid log level 'allan'.</status>
</test>
<status status="FAIL" starttime="20200713 19:44:19.677" endtime="20200713 19:44:29.861"></status>
</suite>
<status status="FAIL" starttime="20200713 19:44:19.645" endtime="20200713 19:44:29.864"></status>
</suite>
<statistics>
<total>
<stat pass="0" fail="1">Critical Tests</stat>
<stat pass="0" fail="1">All Tests</stat>
</total>
<tag>
</tag>
<suite>
<stat pass="0" fail="1" id="s1" name="IntroductionRobotFramework">IntroductionRobotFramework</stat>
<stat pass="0" fail="1" id="s1-s1" name="loginTestSuite">IntroductionRobotFramework.loginTestSuite</stat>
</suite>
</statistics>
<errors>
<msg timestamp="20200713 19:44:26.789" level="WARN">Accessing variable items using '@{CREDENTIALS}[0]' syntax is deprecated. Use '${CREDENTIALS}[0]' instead.</msg>
<msg timestamp="20200713 19:44:26.986" level="WARN">Accessing variable items using '@{CREDENTIALS}[1]' syntax is deprecated. Use '${CREDENTIALS}[1]' instead.</msg>
</errors>
</robot>
